<?xml version="1.0" encoding="UTF-8"?>
<testsuite name="Academy Choucair" tests="1" skipped="0" failures="0" errors="0" timestamp="2021-02-14T04:41:37" hostname="ASUS" time="32.67">
  <properties/>
  <testcase name="Search for a automation course" classname="Academy Choucair" time="32.67"/>
  <system-out><![CDATA[]]></system-out>
  <system-err><![CDATA[[Test worker] WARN net.thucydides.core.steps.BaseStepListener - stepStarted: net.thucydides.core.steps.ExecutedStepDescription@7b4d22e1
[Test worker] WARN net.thucydides.core.steps.BaseStepListener - stepStarted: net.thucydides.core.steps.ExecutedStepDescription@280a43a2
[Test worker] WARN net.thucydides.core.steps.BaseStepListener - stepStarted: net.thucydides.core.steps.ExecutedStepDescription@1c0fcd2d
feb 13, 2021 11:41:38 PM org.openqa.selenium.remote.DesiredCapabilities chrome
INFORMACIÓN: Using `new ChromeOptions()` is preferred to `DesiredCapabilities.chrome()`
[Test worker] INFO net.serenitybdd.core.webdriver.driverproviders.ProvideNewDriver - Instantiating driver
[Test worker] INFO net.serenitybdd.core.webdriver.driverproviders.ProvideNewDriver - Driver capabilities: Capabilities {acceptInsecureCerts: false, browserName: chrome, chrome.switches: --start-maximized, goog:chromeOptions: {args: [--start-maximized], extensions: []}, loggingPrefs: org.openqa.selenium.logging..., platform: ANY, version: }
Starting ChromeDriver 87.0.4280.88 (89e2380a3e36c3464b5dd1302349b1382549290d-refs/branch-heads/4280@{#1761}) on port 38753
Only local connections are allowed.
Please see https://chromedriver.chromium.org/security-considerations for suggestions on keeping ChromeDriver safe.
ChromeDriver was started successfully.
[1613277703.508][WARNING]: This version of ChromeDriver has not been tested with Chrome version 88.
feb 13, 2021 11:41:45 PM org.openqa.selenium.remote.ProtocolHandshake createSession
INFORMACIÓN: Detected dialect: W3C
[Test worker] WARN net.thucydides.core.steps.BaseStepListener - stepFinished: current outcome:Search for a automation course:Given than brandon wants to learn automation at the academy choucair
| strUser | strPassword |
| 1128266108 | Choucair2020* | [Brandon open up [brandon opens the Choucair academy page]]
[Test worker] WARN net.thucydides.core.steps.BaseStepListener - stepFinished: current outcome:Search for a automation course:Given than brandon wants to learn automation at the academy choucair
| strUser | strPassword |
| 1128266108 | Choucair2020* | [Brandon open up [brandon opens the Choucair academy page]]
[Test worker] WARN net.thucydides.core.steps.BaseStepListener - stepStarted: net.thucydides.core.steps.ExecutedStepDescription@1ea4c037
[Test worker] WARN net.thucydides.core.steps.BaseStepListener - stepStarted: net.thucydides.core.steps.ExecutedStepDescription@75f47059
[Test worker] WARN net.thucydides.core.steps.BaseStepListener - stepFinished: current outcome:Search for a automation course:Given than brandon wants to learn automation at the academy choucair
| strUser | strPassword |
| 1128266108 | Choucair2020* | [Brandon open up [brandon opens the Choucair academy page], Brandon login [brandon clicks on button that shows us the form to login]]
[Test worker] WARN net.thucydides.core.steps.BaseStepListener - stepStarted: net.thucydides.core.steps.ExecutedStepDescription@60fbc16d
[Test worker] WARN net.thucydides.core.steps.BaseStepListener - stepFinished: current outcome:Search for a automation course:Given than brandon wants to learn automation at the academy choucair
| strUser | strPassword |
| 1128266108 | Choucair2020* | [Brandon open up [brandon opens the Choucair academy page], Brandon login [brandon clicks on button that shows us the form to login, brandon enters '1128266108' into where do we write the user]]
[Test worker] WARN net.thucydides.core.steps.BaseStepListener - stepStarted: net.thucydides.core.steps.ExecutedStepDescription@6d744042
[Test worker] WARN net.thucydides.core.steps.BaseStepListener - stepFinished: current outcome:Search for a automation course:Given than brandon wants to learn automation at the academy choucair
| strUser | strPassword |
| 1128266108 | Choucair2020* | [Brandon open up [brandon opens the Choucair academy page], Brandon login [brandon clicks on button that shows us the form to login, brandon enters '1128266108' into where do we write the user, brandon enters 'Choucair2020*' into where do we write the password]]
[Test worker] WARN net.thucydides.core.steps.BaseStepListener - stepStarted: net.thucydides.core.steps.ExecutedStepDescription@1623e46e
[Test worker] WARN net.thucydides.core.steps.BaseStepListener - stepFinished: current outcome:Search for a automation course:Given than brandon wants to learn automation at the academy choucair
| strUser | strPassword |
| 1128266108 | Choucair2020* | [Brandon open up [brandon opens the Choucair academy page], Brandon login [brandon clicks on button that shows us the form to login, brandon enters '1128266108' into where do we write the user, brandon enters 'Choucair2020*' into where do we write the password, brandon clicks on button to confirm login]]
[Test worker] WARN net.thucydides.core.steps.BaseStepListener - stepFinished: current outcome:Search for a automation course:Given than brandon wants to learn automation at the academy choucair
| strUser | strPassword |
| 1128266108 | Choucair2020* | [Brandon open up [brandon opens the Choucair academy page], Brandon login [brandon clicks on button that shows us the form to login, brandon enters '1128266108' into where do we write the user, brandon enters 'Choucair2020*' into where do we write the password, brandon clicks on button to confirm login]]
[Test worker] WARN net.thucydides.core.steps.BaseStepListener - stepFinished: current outcome:Search for a automation course:Given than brandon wants to learn automation at the academy choucair
| strUser | strPassword |
| 1128266108 | Choucair2020* | [Brandon open up [brandon opens the Choucair academy page], Brandon login [brandon clicks on button that shows us the form to login, brandon enters '1128266108' into where do we write the user, brandon enters 'Choucair2020*' into where do we write the password, brandon clicks on button to confirm login]]
[Test worker] WARN net.thucydides.core.steps.BaseStepListener - stepStarted: net.thucydides.core.steps.ExecutedStepDescription@2040dfb0
[Test worker] WARN net.thucydides.core.steps.BaseStepListener - stepStarted: net.thucydides.core.steps.ExecutedStepDescription@793e66ac
[Test worker] WARN net.thucydides.core.steps.BaseStepListener - stepStarted: net.thucydides.core.steps.ExecutedStepDescription@5601cecf
[Test worker] WARN net.thucydides.core.steps.BaseStepListener - stepFinished: current outcome:Search for a automation course:Given than brandon wants to learn automation at the academy choucair
| strUser | strPassword |
| 1128266108 | Choucair2020* | [Brandon open up [brandon opens the Choucair academy page], Brandon login [brandon clicks on button that shows us the form to login, brandon enters '1128266108' into where do we write the user, brandon enters 'Choucair2020*' into where do we write the password, brandon clicks on button to confirm login]], When he search for the course on the choucair academy platform
| strCourse |
| Prueba Técnica - Analista Bancolombia | [Brandon search [brandon clicks on select courses and certifications]]
[Test worker] WARN net.thucydides.core.steps.BaseStepListener - stepStarted: net.thucydides.core.steps.ExecutedStepDescription@79cecbd1
[Test worker] WARN net.thucydides.core.steps.BaseStepListener - stepFinished: current outcome:Search for a automation course:Given than brandon wants to learn automation at the academy choucair
| strUser | strPassword |
| 1128266108 | Choucair2020* | [Brandon open up [brandon opens the Choucair academy page], Brandon login [brandon clicks on button that shows us the form to login, brandon enters '1128266108' into where do we write the user, brandon enters 'Choucair2020*' into where do we write the password, brandon clicks on button to confirm login]], When he search for the course on the choucair academy platform
| strCourse |
| Prueba Técnica - Analista Bancolombia | [Brandon search [brandon clicks on select courses and certifications, brandon enters 'Prueba Técnica - Analista Bancolombia' into look for the course]]
[Test worker] WARN net.thucydides.core.steps.BaseStepListener - stepStarted: net.thucydides.core.steps.ExecutedStepDescription@29e4f664
[Test worker] WARN net.thucydides.core.steps.BaseStepListener - stepFinished: current outcome:Search for a automation course:Given than brandon wants to learn automation at the academy choucair
| strUser | strPassword |
| 1128266108 | Choucair2020* | [Brandon open up [brandon opens the Choucair academy page], Brandon login [brandon clicks on button that shows us the form to login, brandon enters '1128266108' into where do we write the user, brandon enters 'Choucair2020*' into where do we write the password, brandon clicks on button to confirm login]], When he search for the course on the choucair academy platform
| strCourse |
| Prueba Técnica - Analista Bancolombia | [Brandon search [brandon clicks on select courses and certifications, brandon enters 'Prueba Técnica - Analista Bancolombia' into look for the course, brandon clicks on Click on IR to search for the course]]
[Test worker] WARN net.thucydides.core.steps.BaseStepListener - stepStarted: net.thucydides.core.steps.ExecutedStepDescription@758d2095
[Test worker] WARN net.thucydides.core.steps.BaseStepListener - stepFinished: current outcome:Search for a automation course:Given than brandon wants to learn automation at the academy choucair
| strUser | strPassword |
| 1128266108 | Choucair2020* | [Brandon open up [brandon opens the Choucair academy page], Brandon login [brandon clicks on button that shows us the form to login, brandon enters '1128266108' into where do we write the user, brandon enters 'Choucair2020*' into where do we write the password, brandon clicks on button to confirm login]], When he search for the course on the choucair academy platform
| strCourse |
| Prueba Técnica - Analista Bancolombia | [Brandon search [brandon clicks on select courses and certifications, brandon enters 'Prueba Técnica - Analista Bancolombia' into look for the course, brandon clicks on Click on IR to search for the course, brandon clicks on Click to search the course]]
[Test worker] WARN net.thucydides.core.steps.BaseStepListener - stepFinished: current outcome:Search for a automation course:Given than brandon wants to learn automation at the academy choucair
| strUser | strPassword |
| 1128266108 | Choucair2020* | [Brandon open up [brandon opens the Choucair academy page], Brandon login [brandon clicks on button that shows us the form to login, brandon enters '1128266108' into where do we write the user, brandon enters 'Choucair2020*' into where do we write the password, brandon clicks on button to confirm login]], When he search for the course on the choucair academy platform
| strCourse |
| Prueba Técnica - Analista Bancolombia | [Brandon search [brandon clicks on select courses and certifications, brandon enters 'Prueba Técnica - Analista Bancolombia' into look for the course, brandon clicks on Click on IR to search for the course, brandon clicks on Click to search the course]]
[Test worker] WARN net.thucydides.core.steps.BaseStepListener - stepFinished: current outcome:Search for a automation course:Given than brandon wants to learn automation at the academy choucair
| strUser | strPassword |
| 1128266108 | Choucair2020* | [Brandon open up [brandon opens the Choucair academy page], Brandon login [brandon clicks on button that shows us the form to login, brandon enters '1128266108' into where do we write the user, brandon enters 'Choucair2020*' into where do we write the password, brandon clicks on button to confirm login]], When he search for the course on the choucair academy platform
| strCourse |
| Prueba Técnica - Analista Bancolombia | [Brandon search [brandon clicks on select courses and certifications, brandon enters 'Prueba Técnica - Analista Bancolombia' into look for the course, brandon clicks on Click on IR to search for the course, brandon clicks on Click to search the course]]
[Test worker] WARN net.thucydides.core.steps.BaseStepListener - stepStarted: net.thucydides.core.steps.ExecutedStepDescription@5c7474c
[Test worker] WARN net.thucydides.core.steps.BaseStepListener - stepStarted: net.thucydides.core.steps.ExecutedStepDescription@2ee67827
[Test worker] WARN net.thucydides.core.steps.BaseStepListener - stepFinished: current outcome:Search for a automation course:Given than brandon wants to learn automation at the academy choucair
| strUser | strPassword |
| 1128266108 | Choucair2020* | [Brandon open up [brandon opens the Choucair academy page], Brandon login [brandon clicks on button that shows us the form to login, brandon enters '1128266108' into where do we write the user, brandon enters 'Choucair2020*' into where do we write the password, brandon clicks on button to confirm login]], When he search for the course on the choucair academy platform
| strCourse |
| Prueba Técnica - Analista Bancolombia | [Brandon search [brandon clicks on select courses and certifications, brandon enters 'Prueba Técnica - Analista Bancolombia' into look for the course, brandon clicks on Click on IR to search for the course, brandon clicks on Click to search the course]], Then he finds the course called resources
| strLabel |
| Prueba Técnica - Analista Bancolombia | [Then answer]
[Test worker] WARN net.thucydides.core.steps.BaseStepListener - stepFinished: current outcome:Search for a automation course:Given than brandon wants to learn automation at the academy choucair
| strUser | strPassword |
| 1128266108 | Choucair2020* | [Brandon open up [brandon opens the Choucair academy page], Brandon login [brandon clicks on button that shows us the form to login, brandon enters '1128266108' into where do we write the user, brandon enters 'Choucair2020*' into where do we write the password, brandon clicks on button to confirm login]], When he search for the course on the choucair academy platform
| strCourse |
| Prueba Técnica - Analista Bancolombia | [Brandon search [brandon clicks on select courses and certifications, brandon enters 'Prueba Técnica - Analista Bancolombia' into look for the course, brandon clicks on Click on IR to search for the course, brandon clicks on Click to search the course]], Then he finds the course called resources
| strLabel |
| Prueba Técnica - Analista Bancolombia | [Then answer]
[Test worker] WARN net.thucydides.core.steps.BaseStepListener - testFinished: Search for a automation course:Given than brandon wants to learn automation at the academy choucair
| strUser | strPassword |
| 1128266108 | Choucair2020* | [Brandon open up [brandon opens the Choucair academy page], Brandon login [brandon clicks on button that shows us the form to login, brandon enters '1128266108' into where do we write the user, brandon enters 'Choucair2020*' into where do we write the password, brandon clicks on button to confirm login]], When he search for the course on the choucair academy platform
| strCourse |
| Prueba Técnica - Analista Bancolombia | [Brandon search [brandon clicks on select courses and certifications, brandon enters 'Prueba Técnica - Analista Bancolombia' into look for the course, brandon clicks on Click on IR to search for the course, brandon clicks on Click to search the course]], Then he finds the course called resources
| strLabel |
| Prueba Técnica - Analista Bancolombia | [Then answer]
[Test worker] WARN net.thucydides.core.steps.BaseStepListener - TestOutcomes: [Search for a automation course:Given than brandon wants to learn automation at the academy choucair
| strUser | strPassword |
| 1128266108 | Choucair2020* | [Brandon open up [brandon opens the Choucair academy page], Brandon login [brandon clicks on button that shows us the form to login, brandon enters '1128266108' into where do we write the user, brandon enters 'Choucair2020*' into where do we write the password, brandon clicks on button to confirm login]], When he search for the course on the choucair academy platform
| strCourse |
| Prueba Técnica - Analista Bancolombia | [Brandon search [brandon clicks on select courses and certifications, brandon enters 'Prueba Técnica - Analista Bancolombia' into look for the course, brandon clicks on Click on IR to search for the course, brandon clicks on Click to search the course]], Then he finds the course called resources
| strLabel |
| Prueba Técnica - Analista Bancolombia | [Then answer]]
[Test worker] WARN net.thucydides.core.steps.BaseStepListener - Final testOutcomes: [Search for a automation course:Given than brandon wants to learn automation at the academy choucair
| strUser | strPassword |
| 1128266108 | Choucair2020* | [Brandon open up [brandon opens the Choucair academy page], Brandon login [brandon clicks on button that shows us the form to login, brandon enters '1128266108' into where do we write the user, brandon enters 'Choucair2020*' into where do we write the password, brandon clicks on button to confirm login]], When he search for the course on the choucair academy platform
| strCourse |
| Prueba Técnica - Analista Bancolombia | [Brandon search [brandon clicks on select courses and certifications, brandon enters 'Prueba Técnica - Analista Bancolombia' into look for the course, brandon clicks on Click on IR to search for the course, brandon clicks on Click to search the course]], Then he finds the course called resources
| strLabel |
| Prueba Técnica - Analista Bancolombia | [Then answer]]
[Test worker] INFO net.thucydides.core.steps.ConsoleLoggingListener - 
        __    _____ _____ ____ _____   ____   _    ____  ____  _____ ____  
  _     \ \  |_   _| ____/ ___|_   _| |  _ \ / \  / ___|/ ___|| ____|  _ \ 
 (_)_____| |   | | |  _| \___ \ | |   | |_) / _ \ \___ \\___ \|  _| | | | |
  _|_____| |   | | | |___ ___) || |   |  __/ ___ \ ___) |___) | |___| |_| |
 (_)     | |   |_| |_____|____/ |_|   |_| /_/   \_\____/|____/|_____|____/ 
        /_/                                                                

TEST PASSED: Search for a automation course
----------------------------------------------------------------------------
]]></system-err>
</testsuite>
